<?xml version="1.0" encoding="UTF-8"?>
<testsuite name="com.bank.web.controller.LoanReportControllerIntegrationTest" tests="1" skipped="0" failures="0" errors="0" timestamp="2026-04-08T18:55:30" hostname="Prashants-MacBook-Air.local" time="0.223">
  <properties/>
  <testcase name="shouldReturnLoanReport()" classname="com.bank.web.controller.LoanReportControllerIntegrationTest" time="0.223"/>
  <system-out><![CDATA[
  .   ____          _            __ _ _
 /\\ / ___'_ __ _ _(_)_ __  __ _ \ \ \ \
( ( )\___ | '_ | '_| | '_ \/ _` | \ \ \ \
 \\/  ___)| |_)| | | | | || (_| |  ) ) ) )
  '  |____| .__|_| |_|_| |_\__, | / / / /
 =========|_|==============|___/=/_/_/_/

 :: Spring Boot ::                (v3.3.2)

2026-04-09T00:25:28.742+05:30  INFO 6875 --- [    Test worker] .w.c.LoanReportControllerIntegrationTest : Starting LoanReportControllerIntegrationTest using Java 21.0.10 with PID 6875 (started by prashantverma in /Users/prashantverma/Documents/loan-system/web-app)
2026-04-09T00:25:28.748+05:30  INFO 6875 --- [    Test worker] .w.c.LoanReportControllerIntegrationTest : No active profile set, falling back to 1 default profile: "default"
2026-04-09T00:25:30.772+05:30  INFO 6875 --- [    Test worker] o.s.b.t.m.w.SpringBootMockServletContext : Initializing Spring TestDispatcherServlet ''
2026-04-09T00:25:30.772+05:30  INFO 6875 --- [    Test worker] o.s.t.web.servlet.TestDispatcherServlet  : Initializing Servlet ''
2026-04-09T00:25:30.775+05:30  INFO 6875 --- [    Test worker] o.s.t.web.servlet.TestDispatcherServlet  : Completed initialization in 2 ms
2026-04-09T00:25:30.818+05:30  INFO 6875 --- [    Test worker] .w.c.LoanReportControllerIntegrationTest : Started LoanReportControllerIntegrationTest in 2.442 seconds (process running for 3.604)
]]></system-out>
  <system-err><![CDATA[WARNING: A Java agent has been loaded dynamically (/Users/prashantverma/.gradle/caches/modules-2/files-2.1/net.bytebuddy/byte-buddy-agent/1.14.18/417558ea01fe9f0e8a94af28b9469d281c4e3984/byte-buddy-agent-1.14.18.jar)
WARNING: If a serviceability tool is in use, please run with -XX:+EnableDynamicAgentLoading to hide this warning
WARNING: If a serviceability tool is not in use, please run with -Djdk.instrument.traceUsage for more information
WARNING: Dynamic loading of agents will be disallowed by default in a future release
]]></system-err>
</testsuite>
