<?xml version="1.0" encoding="UTF-8"?>
<testsuite name="com.bank.collector.controller.CustomerControllerIntegrationTest" tests="1" skipped="0" failures="0" errors="0" timestamp="2026-04-08T18:55:24" hostname="Prashants-MacBook-Air.local" time="0.877">
  <properties/>
  <testcase name="shouldFetchCustomerAndAcceptOffer()" classname="com.bank.collector.controller.CustomerControllerIntegrationTest" time="0.877"/>
  <system-out><![CDATA[
  .   ____          _            __ _ _
 /\\ / ___'_ __ _ _(_)_ __  __ _ \ \ \ \
( ( )\___ | '_ | '_| | '_ \/ _` | \ \ \ \
 \\/  ___)| |_)| | | | | || (_| |  ) ) ) )
  '  |____| .__|_| |_|_| |_\__, | / / / /
 =========|_|==============|___/=/_/_/_/

 :: Spring Boot ::                (v3.3.2)

2026-04-09T00:25:20.184+05:30  INFO 1565 --- [    Test worker] .b.c.c.CustomerControllerIntegrationTest : Starting CustomerControllerIntegrationTest using Java 21.0.10 with PID 1565 (started by prashantverma in /Users/prashantverma/Documents/loan-system/collector-app)
2026-04-09T00:25:20.187+05:30  INFO 1565 --- [    Test worker] .b.c.c.CustomerControllerIntegrationTest : No active profile set, falling back to 1 default profile: "default"
2026-04-09T00:25:20.750+05:30  INFO 1565 --- [    Test worker] .s.d.r.c.RepositoryConfigurationDelegate : Bootstrapping Spring Data JPA repositories in DEFAULT mode.
2026-04-09T00:25:20.799+05:30  INFO 1565 --- [    Test worker] .s.d.r.c.RepositoryConfigurationDelegate : Finished Spring Data repository scanning in 42 ms. Found 2 JPA repository interfaces.
2026-04-09T00:25:21.576+05:30  INFO 1565 --- [    Test worker] com.zaxxer.hikari.HikariDataSource       : HikariPool-1 - Starting...
2026-04-09T00:25:21.805+05:30  INFO 1565 --- [    Test worker] com.zaxxer.hikari.pool.HikariPool        : HikariPool-1 - Added connection conn0: url=jdbc:h2:mem:collector_test user=SA
2026-04-09T00:25:21.807+05:30  INFO 1565 --- [    Test worker] com.zaxxer.hikari.HikariDataSource       : HikariPool-1 - Start completed.
2026-04-09T00:25:21.860+05:30  INFO 1565 --- [    Test worker] org.flywaydb.core.FlywayExecutor         : Database: jdbc:h2:mem:collector_test (H2 2.2)
2026-04-09T00:25:21.866+05:30  WARN 1565 --- [    Test worker] o.f.c.internal.database.base.Database    : Flyway upgrade recommended: H2 2.2.224 is newer than this version of Flyway and support has not been tested. The latest supported version of H2 is 2.2.220.
2026-04-09T00:25:21.887+05:30  INFO 1565 --- [    Test worker] o.f.c.i.s.JdbcTableSchemaHistory         : Schema history table "PUBLIC"."flyway_schema_history" does not exist yet
2026-04-09T00:25:21.890+05:30  INFO 1565 --- [    Test worker] o.f.core.internal.command.DbValidate     : Successfully validated 2 migrations (execution time 00:00.015s)
2026-04-09T00:25:21.896+05:30  INFO 1565 --- [    Test worker] o.f.c.i.s.JdbcTableSchemaHistory         : Creating Schema History table "PUBLIC"."flyway_schema_history" ...
2026-04-09T00:25:21.943+05:30  INFO 1565 --- [    Test worker] o.f.core.internal.command.DbMigrate      : Current version of schema "PUBLIC": << Empty Schema >>
2026-04-09T00:25:21.952+05:30  INFO 1565 --- [    Test worker] o.f.core.internal.command.DbMigrate      : Migrating schema "PUBLIC" to version "1 - create customers table"
2026-04-09T00:25:21.975+05:30  INFO 1565 --- [    Test worker] o.f.core.internal.command.DbMigrate      : Migrating schema "PUBLIC" to version "2 - create banking records table"
2026-04-09T00:25:21.989+05:30  INFO 1565 --- [    Test worker] o.f.core.internal.command.DbMigrate      : Successfully applied 2 migrations to schema "PUBLIC", now at version v2 (execution time 00:00.012s)
2026-04-09T00:25:22.097+05:30  INFO 1565 --- [    Test worker] o.hibernate.jpa.internal.util.LogHelper  : HHH000204: Processing PersistenceUnitInfo [name: default]
2026-04-09T00:25:22.170+05:30  INFO 1565 --- [    Test worker] org.hibernate.Version                    : HHH000412: Hibernate ORM core version 6.5.2.Final
2026-04-09T00:25:22.205+05:30  INFO 1565 --- [    Test worker] o.h.c.internal.RegionFactoryInitiator    : HHH000026: Second-level cache disabled
2026-04-09T00:25:22.669+05:30  INFO 1565 --- [    Test worker] o.s.o.j.p.SpringPersistenceUnitInfo      : No LoadTimeWeaver setup: ignoring JPA class transformer
2026-04-09T00:25:23.590+05:30  INFO 1565 --- [    Test worker] o.h.e.t.j.p.i.JtaPlatformInitiator       : HHH000489: No JTA platform available (set 'hibernate.transaction.jta.platform' to enable JTA platform integration)
2026-04-09T00:25:23.612+05:30  INFO 1565 --- [    Test worker] j.LocalContainerEntityManagerFactoryBean : Initialized JPA EntityManagerFactory for persistence unit 'default'
2026-04-09T00:25:24.193+05:30  WARN 1565 --- [    Test worker] JpaBaseConfiguration$JpaWebConfiguration : spring.jpa.open-in-view is enabled by default. Therefore, database queries may be performed during view rendering. Explicitly configure spring.jpa.open-in-view to disable this warning
2026-04-09T00:25:24.705+05:30  INFO 1565 --- [    Test worker] o.s.b.a.h2.H2ConsoleAutoConfiguration    : H2 console available at '/h2-console'. Database available at 'jdbc:h2:mem:collector_test'
2026-04-09T00:25:24.749+05:30  INFO 1565 --- [    Test worker] o.s.b.t.m.w.SpringBootMockServletContext : Initializing Spring TestDispatcherServlet ''
2026-04-09T00:25:24.750+05:30  INFO 1565 --- [    Test worker] o.s.t.web.servlet.TestDispatcherServlet  : Initializing Servlet ''
2026-04-09T00:25:24.753+05:30  INFO 1565 --- [    Test worker] o.s.t.web.servlet.TestDispatcherServlet  : Completed initialization in 1 ms
2026-04-09T00:25:24.796+05:30  INFO 1565 --- [    Test worker] .b.c.c.CustomerControllerIntegrationTest : Started CustomerControllerIntegrationTest in 4.905 seconds (process running for 6.031)
]]></system-out>
  <system-err><![CDATA[WARNING: A Java agent has been loaded dynamically (/Users/prashantverma/.gradle/caches/modules-2/files-2.1/net.bytebuddy/byte-buddy-agent/1.14.18/417558ea01fe9f0e8a94af28b9469d281c4e3984/byte-buddy-agent-1.14.18.jar)
WARNING: If a serviceability tool is in use, please run with -XX:+EnableDynamicAgentLoading to hide this warning
WARNING: If a serviceability tool is not in use, please run with -Djdk.instrument.traceUsage for more information
WARNING: Dynamic loading of agents will be disallowed by default in a future release
]]></system-err>
</testsuite>
