<?xml version="1.0" encoding="UTF-8"?>
<testsuite name="com.bank.analyzer.service.LoanEligibilityServiceTest" tests="3" skipped="0" failures="0" errors="0" timestamp="2026-04-08T18:55:08" hostname="Prashants-MacBook-Air.local" time="0.025">
  <properties/>
  <testcase name="shouldNotOfferExistingLoanTypeWhenOpen()" classname="com.bank.analyzer.service.LoanEligibilityServiceTest" time="0.019"/>
  <testcase name="shouldReturnNoOffersForUnderageCustomer()" classname="com.bank.analyzer.service.LoanEligibilityServiceTest" time="0.001"/>
  <testcase name="shouldOfferPersonalLoanWhenBalanceQualifies()" classname="com.bank.analyzer.service.LoanEligibilityServiceTest" time="0.002"/>
  <system-out><![CDATA[]]></system-out>
  <system-err><![CDATA[]]></system-err>
</testsuite>
